github.com/dgraph-io/badger/v3/fb: write /tmp/go-build1088875333/b619/importcfg: disk quota exceeded
github.com/jackc/puddle/v2: write /tmp/go-build1088875333/b679/importcfg: disk quota exceeded
filippo.io/edwards25519: write /tmp/go-build1088875333/b656/importcfg: disk quota exceeded
github.com/gogo/protobuf/proto: write /tmp/go-build1088875333/b210/importcfg: disk quota exceeded
go/parser: write /tmp/go-build1088875333/b264/importcfg: disk quota exceeded
crypto/tls: write /tmp/go-build1088875333/b125/importcfg: disk quota exceeded
google.golang.org/protobuf/internal/detrand: write /tmp/go-build1088875333/b318/importcfg: disk quota exceeded
encoding/gob: write /tmp/go-build1088875333/b312/importcfg: disk quota exceeded
golang.org/x/net/http2/hpack: write /tmp/go-build1088875333/b337/importcfg: disk quota exceeded
golang.org/x/text/unicode/bidi: write /tmp/go-build1088875333/b336/importcfg: disk quota exceeded
github.com/spf13/pflag: write /tmp/go-build1088875333/b196/importcfg: disk quota exceeded
github.com/jarxorg/io2: write /tmp/go-build1088875333/b340/importcfg: disk quota exceeded
github.com/mattn/go-colorable: write /tmp/go-build1088875333/b351/importcfg: disk quota exceeded
html/template: write /tmp/go-build1088875333/b313/importcfg: disk quota exceeded
golang.org/x/text/internal/format: write /tmp/go-build1088875333/b359/importcfg: disk quota exceeded
github.com/klauspost/compress/fse: write /tmp/go-build1088875333/b344/importcfg: disk quota exceeded
log/slog: write /tmp/go-build1088875333/b363/importcfg: disk quota exceeded
golang.org/x/text/internal/number: write /tmp/go-build1088875333/b356/importcfg: disk quota exceeded
github.com/gabriel-vasile/mimetype: write /tmp/go-build1088875333/b278/importcfg: disk quota exceeded
github.com/pelletier/go-toml/v2: write /tmp/go-build1088875333/b304/importcfg: disk quota exceeded
gopkg.in/yaml.v3: write /tmp/go-build1088875333/b329/importcfg: disk quota exceeded
golang.org/x/text/internal/catmsg: write /tmp/go-build1088875333/b355/importcfg: disk quota exceeded
github.com/atotto/clipboard: write /tmp/go-build1088875333/b397/importcfg: disk quota exceeded
database/sql/driver: write /tmp/go-build1088875333/b362/importcfg: disk quota exceeded
github.com/Hayao0819/Kamisato/ayaka/gpg: write /tmp/go-build1088875333/b398/importcfg: disk quota exceeded
go.opentelemetry.io/otel/codes: write /tmp/go-build1088875333/b388/importcfg: disk quota exceeded
go.opentelemetry.io/otel/trace/internal/telemetry: write /tmp/go-build1088875333/b391/importcfg: disk quota exceeded
github.com/Hayao0819/nahi/flist: write /tmp/go-build1088875333/b401/importcfg: disk quota exceeded
github.com/knadh/koanf/parsers/json: write /tmp/go-build1088875333/b404/importcfg: disk quota exceeded
github.com/fsnotify/fsnotify/internal: write /tmp/go-build1088875333/b415/importcfg: disk quota exceeded
github.com/ulikunitz/xz/internal/xlog: write /tmp/go-build1088875333/b393/importcfg: disk quota exceeded
github.com/go-viper/mapstructure/v2: write /tmp/go-build1088875333/b418/importcfg: disk quota exceeded
github.com/joho/godotenv: write /tmp/go-build1088875333/b420/importcfg: disk quota exceeded
github.com/samber/lo: write /tmp/go-build1088875333/b378/importcfg: disk quota exceeded
go.yaml.in/yaml/v3: write /tmp/go-build1088875333/b408/importcfg: disk quota exceeded
go.opentelemetry.io/otel/attribute: write /tmp/go-build1088875333/b384/importcfg: disk quota exceeded
github.com/Hayao0819/nahi/tputils: write /tmp/go-build1088875333/b434/importcfg: disk quota exceeded
github.com/Morganamilo/go-srcinfo: write /tmp/go-build1088875333/b428/importcfg: disk quota exceeded
github.com/Hayao0819/nahi/exutils: write /tmp/go-build1088875333/b431/importcfg: disk quota exceeded
github.com/docker/docker/api/types/blkiodev: write /tmp/go-build1088875333/b441/importcfg: disk quota exceeded
github.com/docker/docker/api/types/mount: write /tmp/go-build1088875333/b444/importcfg: disk quota exceeded
github.com/mitchellh/reflectwalk: write /tmp/go-build1088875333/b412/importcfg: disk quota exceeded
github.com/docker/docker/api/types/filters: write /tmp/go-build1088875333/b442/importcfg: disk quota exceeded
github.com/docker/go-connections/nat: write /tmp/go-build1088875333/b448/importcfg: disk quota exceeded
github.com/docker/docker/api/types/strslice: write /tmp/go-build1088875333/b447/importcfg: disk quota exceeded
github.com/docker/go-units: write /tmp/go-build1088875333/b449/importcfg: disk quota exceeded
github.com/pelletier/go-toml: write /tmp/go-build1088875333/b406/importcfg: disk quota exceeded
github.com/Hayao0819/Kamisato/pkg/pacman/gpg: write /tmp/go-build1088875333/b426/importcfg: disk quota exceeded
github.com/opencontainers/go-digest: write /tmp/go-build1088875333/b452/importcfg: disk quota exceeded
github.com/docker/docker/api/types/time: write /tmp/go-build1088875333/b466/importcfg: disk quota exceeded
github.com/opencontainers/image-spec/specs-go: write /tmp/go-build1088875333/b453/importcfg: disk quota exceeded
github.com/BrenekH/blinky/pacman: write /tmp/go-build1088875333/b494/importcfg: disk quota exceeded
github.com/aws/aws-sdk-go-v2/internal/sync/singleflight: write /tmp/go-build1088875333/b499/importcfg: disk quota exceeded
go.opentelemetry.io/otel/baggage: write /tmp/go-build1088875333/b485/importcfg: disk quota exceeded
github.com/aws/aws-sdk-go-v2/internal/rand: write /tmp/go-build1088875333/b497/importcfg: disk quota exceeded
github.com/aws/smithy-go/logging: write /tmp/go-build1088875333/b504/importcfg: disk quota exceeded
github.com/aws/smithy-go/internal/sync/singleflight: write /tmp/go-build1088875333/b502/importcfg: disk quota exceeded
github.com/aws/smithy-go: write /tmp/go-build1088875333/b506/importcfg: disk quota exceeded
go.opentelemetry.io/auto/sdk/internal/telemetry: write /tmp/go-build1088875333/b480/importcfg: disk quota exceeded
github.com/aws/aws-sdk-go-v2/aws/ratelimit: write /tmp/go-build1088875333/b516/importcfg: disk quota exceeded
github.com/aws/smithy-go/time: write /tmp/go-build1088875333/b509/importcfg: disk quota exceeded
github.com/aws/smithy-go/document: write /tmp/go-build1088875333/b548/importcfg: disk quota exceeded
github.com/aws/smithy-go/rand: write /tmp/go-build1088875333/b515/importcfg: disk quota exceeded
github.com/aws/smithy-go/encoding: write /tmp/go-build1088875333/b554/importcfg: disk quota exceeded
github.com/aws/aws-sdk-go-v2/aws/protocol/xml: write /tmp/go-build1088875333/b558/importcfg: disk quota exceeded
github.com/aws/aws-sdk-go-v2/feature/ec2/imds/internal/config: write /tmp/go-build1088875333/b524/importcfg: disk quota exceeded
github.com/google/go-querystring/query: write /tmp/go-build1088875333/b601/importcfg: disk quota exceeded
github.com/aws/aws-sdk-go-v2/internal/v4a/internal/crypto: write /tmp/go-build1088875333/b570/importcfg: disk quota exceeded
github.com/aws/aws-sdk-go-v2/service/internal/s3shared/arn: write /tmp/go-build1088875333/b575/importcfg: disk quota exceeded
golang.org/x/net/internal/timeseries: write /tmp/go-build1088875333/b617/importcfg: disk quota exceeded
google.golang.org/protobuf/internal/version: write /tmp/go-build1088875333/b639/importcfg: disk quota exceeded
github.com/aws/aws-sdk-go-v2/internal/ini: write /tmp/go-build1088875333/b564/importcfg: disk quota exceeded
go.opencensus.io/internal: write /tmp/go-build1088875333/b645/importcfg: disk quota exceeded
go.opencensus.io/trace/tracestate: write /tmp/go-build1088875333/b648/importcfg: disk quota exceeded
github.com/lib/pq/scram: write /tmp/go-build1088875333/b653/importcfg: disk quota exceeded
runtime/trace: write /tmp/go-build1088875333/b649/importcfg: disk quota exceeded
github.com/jackc/pgx/v5/internal/sanitize: write /tmp/go-build1088875333/b663/importcfg: disk quota exceeded
github.com/goccy/go-json/internal/errors: write /tmp/go-build1088875333/b594/importcfg: disk quota exceeded
golang.org/x/crypto/pbkdf2: write /tmp/go-build1088875333/b672/importcfg: disk quota exceeded
# os/user
cgo: write /tmp/cgo-gcc-input-1141699139.c: disk quota exceeded
go.uber.org/mock/gomock: write /tmp/go-build1088875333/b691/importcfg: disk quota exceeded
github.com/jackc/pgpassfile: write /tmp/go-build1088875333/b666/importcfg: disk quota exceeded
golang.org/x/time/rate: write /tmp/go-build1088875333/b602/importcfg: disk quota exceeded
github.com/jackc/pgservicefile: write /tmp/go-build1088875333/b667/importcfg: disk quota exceeded
github.com/dustin/go-humanize: write /tmp/go-build1088875333/b615/importcfg: disk quota exceeded
github.com/dgraph-io/ristretto/z/simd: write /tmp/go-build1088875333/b614/importcfg: disk quota exceeded
github.com/jackc/pgx/v5/pgproto3: write /tmp/go-build1088875333/b671/importcfg: disk quota exceeded
